#
# There is insufficient memory for the Java Runtime Environment to continue.
# Native memory allocation (mmap) failed to map 134217728 bytes for Failed to commit area from 0x0000000081e00000 to 0x0000000089e00000 of length 134217728.
# Possible reasons:
#   The system is out of physical RAM or swap space
#   The process is running with CompressedOops enabled, and the Java Heap may be blocking the growth of the native heap
# Possible solutions:
#   Reduce memory load on the system
#   Increase physical memory or swap space
#   Check if swap backing store is full
#   Decrease Java heap size (-Xmx/-Xms)
#   Decrease number of Java threads
#   Decrease Java thread stack sizes (-Xss)
#   Set larger code cache with -XX:ReservedCodeCacheSize=
# This output file may be truncated or incomplete.
#
#  Out of Memory Error (./src/hotspot/os/windows/os_windows.cpp:3303), pid=23668, tid=3400
#
# JRE version:  (11.0.8+10) (build )
# Java VM: OpenJDK 64-Bit Server VM (11.0.8+10-b944.34, mixed mode, sharing, tiered, compressed oops, g1 gc, windows-amd64)
# No core dump will be written. Minidumps are not enabled by default on client versions of Windows
#

---------------  S U M M A R Y ------------

Command Line: org.jetbrains.git4idea.http.GitAskPassApp Username for 'https://github.com': 

Host: Intel(R) Core(TM) i7-7500U CPU @ 2.70GHz, 4 cores, 7G,  Windows 10 , 64 bit Build 19041 (10.0.19041.292)
Time: Tue Oct 13 01:01:38 2020 Θερινή ώρα GTB elapsed time: 0 seconds (0d 0h 0m 0s)

---------------  T H R E A D  ---------------

Current thread (0x00000214a32eb800):  JavaThread "Unknown thread" [_thread_in_vm, id=3400, stack(0x000000ee17e00000,0x000000ee17f00000)]

Stack: [0x000000ee17e00000,0x000000ee17f00000]
Native frames: (J=compiled Java code, j=interpreted, Vv=VM code, C=native code)
V  [jvm.dll+0x5de35a]
V  [jvm.dll+0x712355]
V  [jvm.dll+0x7138ad]
V  [jvm.dll+0x713f63]
V  [jvm.dll+0x23e628]
V  [jvm.dll+0x5db804]
V  [jvm.dll+0x5d0925]
V  [jvm.dll+0x2faf9b]
V  [jvm.dll+0x2faf0a]
V  [jvm.dll+0x2fade2]
V  [jvm.dll+0x2ffcb6]
V  [jvm.dll+0x3483a3]
V  [jvm.dll+0x348aa6]
V  [jvm.dll+0x3484a3]
V  [jvm.dll+0x2d5be8]
V  [jvm.dll+0x2d6d87]
V  [jvm.dll+0x6f10e7]
V  [jvm.dll+0x6f28dc]
V  [jvm.dll+0x3558f9]
V  [jvm.dll+0x6d492e]
V  [jvm.dll+0x3bdad3]
V  [jvm.dll+0x3bfd01]
C  [jli.dll+0x5373]
C  [ucrtbase.dll+0x214c2]
C  [KERNEL32.DLL+0x16fd4]
C  [ntdll.dll+0x4cec1]


---------------  P R O C E S S  ---------------

Threads class SMR info:
_java_thread_list=0x00000214a3113250, length=0, elements={
}

Java Threads: ( => current thread )

Other Threads:
  0x00000214a3302000 GCTaskThread "GC Thread#0" [stack: 0x000000ee17f00000,0x000000ee18000000] [id=7152]
  0x00000214a3337000 ConcurrentGCThread "G1 Main Marker" [stack: 0x000000ee18000000,0x000000ee18100000] [id=15324]
  0x00000214a333a800 ConcurrentGCThread "G1 Conc#0" [stack: 0x000000ee18100000,0x000000ee18200000] [id=564]

[error occurred during error reporting (printing all threads), id 0xc0000005, EXCEPTION_ACCESS_VIOLATION (0xc0000005) at pc=0x00007ffba12f60c7]

VM state:not at safepoint (not fully initialized)

VM Mutex/Monitor currently owned by a thread:  ([mutex/lock_event])
[0x00000214a32e69e0] Heap_lock - owner thread: 0x00000214a32eb800

Heap address: 0x0000000081e00000, size: 2018 MB, Compressed Oops mode: Non-zero based: 0x0000000081e00000
Narrow klass base: 0x0000000000000000, Narrow klass shift: 0

GC Heap History (0 events):
No events

Deoptimization events (0 events):
No events

Classes redefined (0 events):
No events

Internal exceptions (0 events):
No events

Events (1 events):
Event: 0.007 Loaded shared library C:\Program Files\JetBrains\PyCharm Community Edition 2020.1.4\jbr\bin\zip.dll


Dynamic libraries:
0x00007ff64fb00000 - 0x00007ff64fb0a000 	C:\Program Files\JetBrains\PyCharm Community Edition 2020.1.4\jbr\bin\java.exe
0x00007ffbe5f10000 - 0x00007ffbe6105000 	C:\WINDOWS\SYSTEM32\ntdll.dll
0x00007ffbe5c80000 - 0x00007ffbe5d3d000 	C:\WINDOWS\System32\KERNEL32.DLL
0x00007ffbe3b40000 - 0x00007ffbe3e07000 	C:\WINDOWS\System32\KERNELBASE.dll
0x00007ffbe3810000 - 0x00007ffbe3910000 	C:\WINDOWS\System32\ucrtbase.dll
0x00007ffbd5670000 - 0x00007ffbd5687000 	C:\Program Files\JetBrains\PyCharm Community Edition 2020.1.4\jbr\bin\VCRUNTIME140.dll
0x00007ffbd5650000 - 0x00007ffbd5669000 	C:\Program Files\JetBrains\PyCharm Community Edition 2020.1.4\jbr\bin\jli.dll
0x00007ffbe5060000 - 0x00007ffbe5200000 	C:\WINDOWS\System32\USER32.dll
0x00007ffbe37e0000 - 0x00007ffbe3802000 	C:\WINDOWS\System32\win32u.dll
0x00007ffbe4fa0000 - 0x00007ffbe4fca000 	C:\WINDOWS\System32\GDI32.dll
0x00007ffbd2640000 - 0x00007ffbd28db000 	C:\WINDOWS\WinSxS\amd64_microsoft.windows.common-controls_6595b64144ccf1df_6.0.19041.488_none_ca04af081b815d21\COMCTL32.dll
0x00007ffbe3e60000 - 0x00007ffbe3f69000 	C:\WINDOWS\System32\gdi32full.dll
0x00007ffbe4c40000 - 0x00007ffbe4cde000 	C:\WINDOWS\System32\msvcrt.dll
0x00007ffbe3910000 - 0x00007ffbe39ad000 	C:\WINDOWS\System32\msvcp_win.dll
0x00007ffbe43e0000 - 0x00007ffbe4410000 	C:\WINDOWS\System32\IMM32.DLL
0x00007ffbb4560000 - 0x00007ffbb45fd000 	C:\Program Files\JetBrains\PyCharm Community Edition 2020.1.4\jbr\bin\msvcp140.dll
0x00007ffba1010000 - 0x00007ffba1acd000 	C:\Program Files\JetBrains\PyCharm Community Edition 2020.1.4\jbr\bin\server\jvm.dll
0x00007ffbe4e80000 - 0x00007ffbe4f2a000 	C:\WINDOWS\System32\ADVAPI32.dll
0x00007ffbe5200000 - 0x00007ffbe529b000 	C:\WINDOWS\System32\sechost.dll
0x00007ffbe4410000 - 0x00007ffbe4534000 	C:\WINDOWS\System32\RPCRT4.dll
0x00007ffbe4f90000 - 0x00007ffbe4f98000 	C:\WINDOWS\System32\PSAPI.DLL
0x00007ffbdf5b0000 - 0x00007ffbdf5b9000 	C:\WINDOWS\SYSTEM32\WSOCK32.dll
0x00007ffbd3e80000 - 0x00007ffbd3ea7000 	C:\WINDOWS\SYSTEM32\WINMM.dll
0x00007ffbe4e00000 - 0x00007ffbe4e6b000 	C:\WINDOWS\System32\WS2_32.dll
0x00007ffbdd800000 - 0x00007ffbdd80a000 	C:\WINDOWS\SYSTEM32\VERSION.dll
0x00007ffbe15b0000 - 0x00007ffbe15c3000 	C:\WINDOWS\SYSTEM32\kernel.appcore.dll
0x00007ffbdd0e0000 - 0x00007ffbdd0f1000 	C:\Program Files\JetBrains\PyCharm Community Edition 2020.1.4\jbr\bin\verify.dll
0x00007ffbcbd30000 - 0x00007ffbcbf14000 	C:\WINDOWS\SYSTEM32\DBGHELP.DLL
0x00007ffbcbc00000 - 0x00007ffbcbc2c000 	C:\WINDOWS\SYSTEM32\dbgcore.DLL
0x00007ffbe3650000 - 0x00007ffbe36cf000 	C:\WINDOWS\System32\bcryptPrimitives.dll
0x00007ffbdccc0000 - 0x00007ffbdcce9000 	C:\Program Files\JetBrains\PyCharm Community Edition 2020.1.4\jbr\bin\java.dll
0x00007ffbde1c0000 - 0x00007ffbde1cb000 	C:\Program Files\JetBrains\PyCharm Community Edition 2020.1.4\jbr\bin\jimage.dll
0x00007ffbdcc60000 - 0x00007ffbdcc78000 	C:\Program Files\JetBrains\PyCharm Community Edition 2020.1.4\jbr\bin\zip.dll

dbghelp: loaded successfully - version: 4.0.5 - missing functions: none
symbol engine: initialized successfully - sym options: 0x614 - pdb path: .;C:\Program Files\JetBrains\PyCharm Community Edition 2020.1.4\jbr\bin;C:\WINDOWS\SYSTEM32;C:\WINDOWS\WinSxS\amd64_microsoft.windows.common-controls_6595b64144ccf1df_6.0.19041.488_none_ca04af081b815d21;C:\Program Files\JetBrains\PyCharm Community Edition 2020.1.4\jbr\bin\server

VM Arguments:
java_command: org.jetbrains.git4idea.http.GitAskPassApp Username for 'https://github.com': 
java_class_path (initial): C:/Program Files/JetBrains/PyCharm Community Edition 2020.1.4/plugins/git4idea/lib/git4idea-rt.jar;C:/Program Files/JetBrains/PyCharm Community Edition 2020.1.4/lib/xmlrpc-2.0.1.jar;C:/Program Files/JetBrains/PyCharm Community Edition 2020.1.4/lib/commons-codec-1.14.jar
Launcher Type: SUN_STANDARD

[Global flags]
     intx CICompilerCount                          = 3                                         {product} {ergonomic}
     uint ConcGCThreads                            = 1                                         {product} {ergonomic}
     uint G1ConcRefinementThreads                  = 4                                         {product} {ergonomic}
   size_t G1HeapRegionSize                         = 1048576                                   {product} {ergonomic}
    uintx GCDrainStackTargetSize                   = 64                                        {product} {ergonomic}
   size_t InitialHeapSize                          = 134217728                                 {product} {ergonomic}
   size_t MarkStackSize                            = 4194304                                   {product} {ergonomic}
   size_t MaxHeapSize                              = 2116026368                                {product} {ergonomic}
   size_t MinHeapDeltaBytes                        = 1048576                                   {product} {ergonomic}
    uintx NonNMethodCodeHeapSize                   = 5830732                                {pd product} {ergonomic}
    uintx NonProfiledCodeHeapSize                  = 122913754                              {pd product} {ergonomic}
    uintx ProfiledCodeHeapSize                     = 122913754                              {pd product} {ergonomic}
    uintx ReservedCodeCacheSize                    = 251658240                              {pd product} {ergonomic}
     bool SegmentedCodeCache                       = true                                      {product} {ergonomic}
     bool UseCompressedClassPointers               = true                                 {lp64_product} {ergonomic}
     bool UseCompressedOops                        = true                                 {lp64_product} {ergonomic}
     bool UseG1GC                                  = true                                      {product} {ergonomic}
     bool UseLargePagesIndividualAllocation        = false                                  {pd product} {ergonomic}

Logging:
Log output configuration:
 #0: stdout all=warning uptime,level,tags
 #1: stderr all=off uptime,level,tags

Environment Variables:
JAVA_HOME=C:\Program Files\Java\jdk1.8.0_131
PATH=C:\Program Files\Git\mingw64\libexec\git-core;C:\Program Files\Git\mingw64\bin;C:\Program Files\Git\usr\bin;C:\Users\Marina Kipourou\bin;C:\ProgramData\Oracle\Java\javapath;C:\WINDOWS\system32;C:\WINDOWS;C:\WINDOWS\System32\Wbem;C:\WINDOWS\System32\WindowsPowerShell\v1.0;C:\Program Files (x86)\ATI Technologies\ATI.ACE\Core-Static;C:\Program Files\Git\cmd;C:\Program Files\Java\jdk1.8.0_131\bin;C:\Android\sdk\tools\bin;C:\Android\sdk\platform-tools;C:\Program Files (x86)\NVIDIA Corporation\PhysX\Common;C:\WINDOWS\System32\OpenSSH;C:\Program Files\PuTTY;C:\Gradle\gradle-4.9\bin;C:\Program Files\NVIDIA Corporation\NVIDIA NvDLISR;C:\Program Files\nodejs;%SystemRoot%\system32;%SystemRoot%;%SystemRoot%\System32\Wbem;%SYSTEMROOT%\System32\WindowsPowerShell\v1.0;%SYSTEMROOT%\System32\OpenSSH;C:\Users\Marina Kipourou\AppData\Local\Microsoft\WindowsApps;C:\Program Files\Java\jdk1.8.0_131\bin;C:\Android\sdk\tools\bin;C:\Android\sdk\platform-tools;C:\Users\Marina Kipourou\AppData\Local\GitHubDesktop\bin;C:\Users\Marina Kipourou\AppData\Local\Microsoft\WindowsApps;C:\Gradle\gradle-4.9\bin;C:\Users\Marina Kipourou\AppData\Roaming\npm;C:\Users\Marina Kipourou\AppData\Local\Programs\Microsoft VS Code\bin
USERNAME=Marina Kipourou
DISPLAY=:0.0
LC_ALL=en_US.UTF-8
OS=Windows_NT
PROCESSOR_IDENTIFIER=Intel64 Family 6 Model 142 Stepping 9, GenuineIntel



---------------  S Y S T E M  ---------------

OS: Windows 10 , 64 bit Build 19041 (10.0.19041.292)
OS uptime: 29 days 2:14 hours

CPU:total 4 (initial active 4) (2 cores per cpu, 2 threads per core) family 6 model 142 stepping 9, cmov, cx8, fxsr, mmx, sse, sse2, sse3, ssse3, sse4.1, sse4.2, popcnt, avx, avx2, aes, clmul, erms, 3dnowpref, lzcnt, ht, tsc, tscinvbit, bmi1, bmi2, adx, fma

Memory: 4k page, system-wide physical 8066M (1305M free)
TotalPageFile size 8066M (AvailPageFile size 23M)
current process WorkingSet (physical memory assigned to process): 9M, peak: 9M
current process commit charge ("private bytes"): 51M, peak: 179M

vm_info: OpenJDK 64-Bit Server VM (11.0.8+10-b944.34) for windows-amd64 JRE (11.0.8+10-b944.34), built on Sep 11 2020 15:32:11 by "" with MS VC++ 14.0 (VS2015)

END.
