#
# There is insufficient memory for the Java Runtime Environment to continue.
# Native memory allocation (mmap) failed to map 134217728 bytes for Failed to commit area from 0x0000000081e00000 to 0x0000000089e00000 of length 134217728.
# Possible reasons:
#   The system is out of physical RAM or swap space
#   The process is running with CompressedOops enabled, and the Java Heap may be blocking the growth of the native heap
# Possible solutions:
#   Reduce memory load on the system
#   Increase physical memory or swap space
#   Check if swap backing store is full
#   Decrease Java heap size (-Xmx/-Xms)
#   Decrease number of Java threads
#   Decrease Java thread stack sizes (-Xss)
#   Set larger code cache with -XX:ReservedCodeCacheSize=
# This output file may be truncated or incomplete.
#
#  Out of Memory Error (./src/hotspot/os/windows/os_windows.cpp:3303), pid=15136, tid=1904
#
# JRE version:  (11.0.9+11) (build )
# Java VM: OpenJDK 64-Bit Server VM (11.0.9+11-b944.49, mixed mode, sharing, tiered, compressed oops, g1 gc, windows-amd64)
# No core dump will be written. Minidumps are not enabled by default on client versions of Windows
#

---------------  S U M M A R Y ------------

Command Line: org.jetbrains.git4idea.http.GitAskPassApp Username for 'https://github.com': 

Host: Intel(R) Core(TM) i7-7500U CPU @ 2.70GHz, 4 cores, 7G,  Windows 10 , 64 bit Build 19041 (10.0.19041.546)
Time: Fri Dec 11 05:12:47 2020 Χειμερινή ώρα GTB elapsed time: 0.015190 seconds (0d 0h 0m 0s)

---------------  T H R E A D  ---------------

Current thread (0x00000231137cc800):  JavaThread "Unknown thread" [_thread_in_vm, id=1904, stack(0x000000b5ecd00000,0x000000b5ece00000)]

Stack: [0x000000b5ecd00000,0x000000b5ece00000]
Native frames: (J=compiled Java code, j=interpreted, Vv=VM code, C=native code)
V  [jvm.dll+0x5ed32a]
V  [jvm.dll+0x722655]
V  [jvm.dll+0x723bad]
V  [jvm.dll+0x724263]
V  [jvm.dll+0x242cc8]
V  [jvm.dll+0x5ea7e4]
V  [jvm.dll+0x5df8f5]
V  [jvm.dll+0x2fe2db]
V  [jvm.dll+0x2fe24a]
V  [jvm.dll+0x2fe122]
V  [jvm.dll+0x302ff6]
V  [jvm.dll+0x34b703]
V  [jvm.dll+0x34be06]
V  [jvm.dll+0x34b803]
V  [jvm.dll+0x2d8f98]
V  [jvm.dll+0x2da137]
V  [jvm.dll+0x7013c7]
V  [jvm.dll+0x702bbc]
V  [jvm.dll+0x358cb9]
V  [jvm.dll+0x6e4e9e]
V  [jvm.dll+0x3c1083]
V  [jvm.dll+0x3c3231]
C  [jli.dll+0x5373]
C  [ucrtbase.dll+0x214c2]
C  [KERNEL32.DLL+0x17034]
C  [ntdll.dll+0x4cec1]


---------------  P R O C E S S  ---------------

Threads class SMR info:
_java_thread_list=0x00000231115d5a10, length=0, elements={
}

Java Threads: ( => current thread )

Other Threads:
  0x00000231137e5000 GCTaskThread "GC Thread#0" [stack: 0x000000b5ece00000,0x000000b5ecf00000] [id=20828]
  0x0000023113818000 ConcurrentGCThread "G1 Main Marker" [stack: 0x000000b5ecf00000,0x000000b5ed000000] [id=19992]
  0x000002311381a800 ConcurrentGCThread "G1 Conc#0" [stack: 0x000000b5ed000000,0x000000b5ed100000] [id=11112]

[error occurred during error reporting (printing all threads), id 0xc0000005, EXCEPTION_ACCESS_VIOLATION (0xc0000005) at pc=0x00007ffa0a1b9537]

VM state:not at safepoint (not fully initialized)

VM Mutex/Monitor currently owned by a thread:  ([mutex/lock_event])
[0x00000231137c7b40] Heap_lock - owner thread: 0x00000231137cc800

Heap address: 0x0000000081e00000, size: 2018 MB, Compressed Oops mode: Non-zero based: 0x0000000081e00000
Narrow klass base: 0x0000000000000000, Narrow klass shift: 0

GC Heap History (0 events):
No events

Deoptimization events (0 events):
No events

Classes redefined (0 events):
No events

Internal exceptions (0 events):
No events

Events (1 events):
Event: 0.007 Loaded shared library C:\Program Files\JetBrains\PyCharm Community Edition 2020.1.4\jbr\bin\zip.dll


Dynamic libraries:
0x00007ff767b60000 - 0x00007ff767b6a000 	C:\Program Files\JetBrains\PyCharm Community Edition 2020.1.4\jbr\bin\java.exe
0x00007ffa442d0000 - 0x00007ffa444c6000 	C:\WINDOWS\SYSTEM32\ntdll.dll
0x00007ffa441d0000 - 0x00007ffa4428d000 	C:\WINDOWS\System32\KERNEL32.DLL
0x00007ffa41d90000 - 0x00007ffa42058000 	C:\WINDOWS\System32\KERNELBASE.dll
0x00007ffa42130000 - 0x00007ffa42230000 	C:\WINDOWS\System32\ucrtbase.dll
0x00007ffa3cd60000 - 0x00007ffa3cd79000 	C:\Program Files\JetBrains\PyCharm Community Edition 2020.1.4\jbr\bin\jli.dll
0x00007ffa3b540000 - 0x00007ffa3b557000 	C:\Program Files\JetBrains\PyCharm Community Edition 2020.1.4\jbr\bin\VCRUNTIME140.dll
0x00007ffa43e20000 - 0x00007ffa43fc0000 	C:\WINDOWS\System32\USER32.dll
0x00007ffa41a10000 - 0x00007ffa41a32000 	C:\WINDOWS\System32\win32u.dll
0x00007ffa2e5b0000 - 0x00007ffa2e84b000 	C:\WINDOWS\WinSxS\amd64_microsoft.windows.common-controls_6595b64144ccf1df_6.0.19041.488_none_ca04af081b815d21\COMCTL32.dll
0x00007ffa42fd0000 - 0x00007ffa42ffa000 	C:\WINDOWS\System32\GDI32.dll
0x00007ffa42cb0000 - 0x00007ffa42d4e000 	C:\WINDOWS\System32\msvcrt.dll
0x00007ffa41c80000 - 0x00007ffa41d89000 	C:\WINDOWS\System32\gdi32full.dll
0x00007ffa42230000 - 0x00007ffa422cd000 	C:\WINDOWS\System32\msvcp_win.dll
0x00007ffa43fc0000 - 0x00007ffa43ff0000 	C:\WINDOWS\System32\IMM32.DLL
0x00007ffa196d0000 - 0x00007ffa1976d000 	C:\Program Files\JetBrains\PyCharm Community Edition 2020.1.4\jbr\bin\msvcp140.dll
0x00007ffa09ed0000 - 0x00007ffa0a99e000 	C:\Program Files\JetBrains\PyCharm Community Edition 2020.1.4\jbr\bin\server\jvm.dll
0x00007ffa43010000 - 0x00007ffa430bc000 	C:\WINDOWS\System32\ADVAPI32.dll
0x00007ffa43a90000 - 0x00007ffa43b2b000 	C:\WINDOWS\System32\sechost.dll
0x00007ffa440a0000 - 0x00007ffa441c4000 	C:\WINDOWS\System32\RPCRT4.dll
0x00007ffa43000000 - 0x00007ffa43008000 	C:\WINDOWS\System32\PSAPI.DLL
0x00007ffa34180000 - 0x00007ffa341a7000 	C:\WINDOWS\SYSTEM32\WINMM.dll
0x00007ffa3bbd0000 - 0x00007ffa3bbda000 	C:\WINDOWS\SYSTEM32\VERSION.dll
0x00007ffa3d8c0000 - 0x00007ffa3d8c9000 	C:\WINDOWS\SYSTEM32\WSOCK32.dll
0x00007ffa43d30000 - 0x00007ffa43d9b000 	C:\WINDOWS\System32\WS2_32.dll
0x00007ffa3f880000 - 0x00007ffa3f892000 	C:\WINDOWS\SYSTEM32\kernel.appcore.dll
0x00007ffa3d2c0000 - 0x00007ffa3d2d1000 	C:\Program Files\JetBrains\PyCharm Community Edition 2020.1.4\jbr\bin\verify.dll
0x00007ffa31b50000 - 0x00007ffa31d34000 	C:\WINDOWS\SYSTEM32\DBGHELP.DLL
0x00007ffa31970000 - 0x00007ffa3199c000 	C:\WINDOWS\SYSTEM32\dbgcore.DLL
0x00007ffa420b0000 - 0x00007ffa4212f000 	C:\WINDOWS\System32\bcryptPrimitives.dll
0x00007ffa3d290000 - 0x00007ffa3d2b9000 	C:\Program Files\JetBrains\PyCharm Community Edition 2020.1.4\jbr\bin\java.dll
0x00007ffa3d4f0000 - 0x00007ffa3d4fb000 	C:\Program Files\JetBrains\PyCharm Community Edition 2020.1.4\jbr\bin\jimage.dll
0x00007ffa3c950000 - 0x00007ffa3c968000 	C:\Program Files\JetBrains\PyCharm Community Edition 2020.1.4\jbr\bin\zip.dll

dbghelp: loaded successfully - version: 4.0.5 - missing functions: none
symbol engine: initialized successfully - sym options: 0x614 - pdb path: .;C:\Program Files\JetBrains\PyCharm Community Edition 2020.1.4\jbr\bin;C:\WINDOWS\SYSTEM32;C:\WINDOWS\WinSxS\amd64_microsoft.windows.common-controls_6595b64144ccf1df_6.0.19041.488_none_ca04af081b815d21;C:\Program Files\JetBrains\PyCharm Community Edition 2020.1.4\jbr\bin\server

VM Arguments:
java_command: org.jetbrains.git4idea.http.GitAskPassApp Username for 'https://github.com': 
java_class_path (initial): C:/Program Files/JetBrains/PyCharm Community Edition 2020.1.4/plugins/git4idea/lib/git4idea-rt.jar;C:/Program Files/JetBrains/PyCharm Community Edition 2020.1.4/lib/xmlrpc-2.0.1.jar;C:/Program Files/JetBrains/PyCharm Community Edition 2020.1.4/lib/commons-codec-1.14.jar
Launcher Type: SUN_STANDARD

[Global flags]
     intx CICompilerCount                          = 3                                         {product} {ergonomic}
     uint ConcGCThreads                            = 1                                         {product} {ergonomic}
     uint G1ConcRefinementThreads                  = 4                                         {product} {ergonomic}
   size_t G1HeapRegionSize                         = 1048576                                   {product} {ergonomic}
    uintx GCDrainStackTargetSize                   = 64                                        {product} {ergonomic}
   size_t InitialHeapSize                          = 134217728                                 {product} {ergonomic}
   size_t MarkStackSize                            = 4194304                                   {product} {ergonomic}
   size_t MaxHeapSize                              = 2116026368                                {product} {ergonomic}
   size_t MinHeapDeltaBytes                        = 1048576                                   {product} {ergonomic}
    uintx NonNMethodCodeHeapSize                   = 5830732                                {pd product} {ergonomic}
    uintx NonProfiledCodeHeapSize                  = 122913754                              {pd product} {ergonomic}
    uintx ProfiledCodeHeapSize                     = 122913754                              {pd product} {ergonomic}
    uintx ReservedCodeCacheSize                    = 251658240                              {pd product} {ergonomic}
     bool SegmentedCodeCache                       = true                                      {product} {ergonomic}
     bool UseCompressedClassPointers               = true                                 {lp64_product} {ergonomic}
     bool UseCompressedOops                        = true                                 {lp64_product} {ergonomic}
     bool UseG1GC                                  = true                                      {product} {ergonomic}
     bool UseLargePagesIndividualAllocation        = false                                  {pd product} {ergonomic}

Logging:
Log output configuration:
 #0: stdout all=warning uptime,level,tags
 #1: stderr all=off uptime,level,tags

Environment Variables:
JAVA_HOME=C:\Program Files\Java\jdk1.8.0_131
PATH=C:\Program Files\Git\mingw64/libexec/git-core;C:\Program Files\Git\mingw64\bin;C:\Program Files\Git\usr\bin;C:\Users\Marina Kipourou\bin;C:\ProgramData\Oracle\Java\javapath;C:\WINDOWS\system32;C:\WINDOWS;C:\WINDOWS\System32\Wbem;C:\WINDOWS\System32\WindowsPowerShell\v1.0\;C:\Program Files (x86)\ATI Technologies\ATI.ACE\Core-Static;C:\Program Files\Git\cmd;C:\Program Files\Java\jdk1.8.0_131\bin;C:\Android\sdk\tools\bin;C:\Android\sdk\platform-tools;C:\Program Files (x86)\NVIDIA Corporation\PhysX\Common;C:\WINDOWS\System32\OpenSSH\;C:\Program Files\PuTTY\;C:\Gradle\gradle-4.9\bin;C:\Program Files\NVIDIA Corporation\NVIDIA NvDLISR;C:\Program Files\nodejs\;%SystemRoot%\system32;%SystemRoot%;%SystemRoot%\System32\Wbem;%SYSTEMROOT%\System32\WindowsPowerShell\v1.0\;%SYSTEMROOT%\System32\OpenSSH\;C:\Users\Marina Kipourou\AppData\Local\Microsoft\WindowsApps;C:\Program Files\Java\jdk1.8.0_131\bin;C:\Android\sdk\tools\bin;C:\Android\sdk\platform-tools;C:\Users\Marina Kipourou\AppData\Local\GitHubDesktop\bin;C:\Users\Marina Kipourou\AppData\Local\Microsoft\WindowsApps;C:\Gradle\gradle-4.9\bin;C:\Users\Marina Kipourou\AppData\Roaming\npm
USERNAME=Marina Kipourou
DISPLAY=:0.0
LC_ALL=en_US.UTF-8
OS=Windows_NT
PROCESSOR_IDENTIFIER=Intel64 Family 6 Model 142 Stepping 9, GenuineIntel



---------------  S Y S T E M  ---------------

OS: Windows 10 , 64 bit Build 19041 (10.0.19041.546)
OS uptime: 10 days 2:36 hours

CPU:total 4 (initial active 4) (2 cores per cpu, 2 threads per core) family 6 model 142 stepping 9, cmov, cx8, fxsr, mmx, sse, sse2, sse3, ssse3, sse4.1, sse4.2, popcnt, avx, avx2, aes, clmul, erms, 3dnowpref, lzcnt, ht, tsc, tscinvbit, bmi1, bmi2, adx, fma

Memory: 4k page, system-wide physical 8066M (975M free)
TotalPageFile size 8066M (AvailPageFile size 24M)
current process WorkingSet (physical memory assigned to process): 9M, peak: 9M
current process commit charge ("private bytes"): 51M, peak: 179M

vm_info: OpenJDK 64-Bit Server VM (11.0.9+11-b944.49) for windows-amd64 JRE (11.0.9+11-b944.49), built on Nov 21 2020 13:01:57 by "" with MS VC++ 14.0 (VS2015)

END.
